        -:    0:Source:/home/dennis/CLionProjects/Project-3/Job.cpp
        -:    0:Graph:/home/dennis/CLionProjects/Project-3/cmake-build-debug-coverage/CMakeFiles/Project_3.dir/Job.cpp.gcno
        -:    0:Data:/home/dennis/CLionProjects/Project-3/cmake-build-debug-coverage/CMakeFiles/Project_3.dir/Job.cpp.gcda
        -:    0:Runs:1
        -:    1:#include "Job.h"
        -:    2:#include <iostream>
        -:    3:
        -:    4:using namespace std;
        -:    5:
        7:    6:Job::Job(string myJob, arguments funArgs): jobExe(myJob), args(funArgs) {
        7:    6-block  0
        7:    7:}
        -:    8:
        -:    9:
        7:   10:void Job::executeJob() {
        7:   11:    if (jobExe == "test"){
        7:   11-block  0
        7:   12:        cout << add(args.a,args.b) << endl;
        7:   12-block  0
        -:   13:    }
        7:   14:}
        -:   15:
        7:   16:int Job::add(int a,int b) {
        7:   17:    return a+b;
        7:   17-block  0
        -:   18:}
