        -:    0:Source:/home/dennis/CLionProjects/Project-3/main.cpp
        -:    0:Graph:/home/dennis/CLionProjects/Project-3/cmake-build-debug-coverage/CMakeFiles/Project_3.dir/main.cpp.gcno
        -:    0:Data:/home/dennis/CLionProjects/Project-3/cmake-build-debug-coverage/CMakeFiles/Project_3.dir/main.cpp.gcda
        -:    0:Runs:1
        -:    1:#include <iostream>
        -:    2:#include <cstdlib>
        -:    3:#include <thread>
        -:    4:#include <unistd.h>
        -:    5:#include "JobScheduler.h"
        -:    6:#include "Job.h"
        -:    7:
        -:    8:using namespace std;
        -:    9:
        -:   10:
        -:   11:
        1:   12:int main()
        -:   13:{
        -:   14:    arguments tmp;
        1:   15:    tmp.a = 2;
        1:   16:    tmp.b = 3;
        1:   17:    auto *scheduler = new JobScheduler(5);
        1:   17-block  0
        1:   17-block  1
    $$$$$:   17-block  2
        1:   18:    tmp.a++;
        1:   19:    scheduler->submit_job(new Job("test",tmp));
        1:   19-block  0
        1:   19-block  1
        1:   19-block  2
        1:   19-block  3
        1:   19-block  4
    $$$$$:   19-block  5
    $$$$$:   19-block  6
    $$$$$:   19-block  7
    $$$$$:   19-block  8
    $$$$$:   19-block  9
    $$$$$:   19-block 10
        1:   20:    tmp.a++;
        1:   21:    scheduler->submit_job(new Job("test",tmp));
        1:   21-block  0
        1:   21-block  1
        1:   21-block  2
        1:   21-block  3
    $$$$$:   21-block  4
    $$$$$:   21-block  5
    $$$$$:   21-block  6
    $$$$$:   21-block  7
    $$$$$:   21-block  8
    $$$$$:   21-block  9
        1:   22:    tmp.a++;
        1:   23:    scheduler->submit_job(new Job("test",tmp));
        1:   23-block  0
        1:   23-block  1
        1:   23-block  2
        1:   23-block  3
    $$$$$:   23-block  4
    $$$$$:   23-block  5
    $$$$$:   23-block  6
    $$$$$:   23-block  7
    $$$$$:   23-block  8
    $$$$$:   23-block  9
        1:   24:    tmp.a++;
        1:   25:    scheduler->submit_job(new Job("test",tmp));
        1:   25-block  0
        1:   25-block  1
        1:   25-block  2
        1:   25-block  3
    $$$$$:   25-block  4
    $$$$$:   25-block  5
    $$$$$:   25-block  6
    $$$$$:   25-block  7
    $$$$$:   25-block  8
    $$$$$:   25-block  9
        1:   26:    tmp.a++;
        1:   27:    scheduler->submit_job(new Job("test",tmp));
        1:   27-block  0
        1:   27-block  1
        1:   27-block  2
        1:   27-block  3
    $$$$$:   27-block  4
    $$$$$:   27-block  5
    $$$$$:   27-block  6
    $$$$$:   27-block  7
    $$$$$:   27-block  8
    $$$$$:   27-block  9
        1:   28:    tmp.a++;
        1:   29:    scheduler->submit_job(new Job("test",tmp));
        1:   29-block  0
        1:   29-block  1
        1:   29-block  2
        1:   29-block  3
    $$$$$:   29-block  4
    $$$$$:   29-block  5
    $$$$$:   29-block  6
    $$$$$:   29-block  7
    $$$$$:   29-block  8
    $$$$$:   29-block  9
        1:   30:    tmp.a++;
        1:   31:    scheduler->submit_job(new Job("test",tmp));
        1:   31-block  0
        1:   31-block  1
        1:   31-block  2
        1:   31-block  3
    $$$$$:   31-block  4
    $$$$$:   31-block  5
    $$$$$:   31-block  6
    $$$$$:   31-block  7
    $$$$$:   31-block  8
    $$$$$:   31-block  9
        1:   32:    tmp.a++;
        -:   33:
        1:   34:    scheduler->wait_all_tasks_finish();
        -:   35:
        1:   36:    delete scheduler;
        1:   36-block  0
        1:   36-block  1
        -:   37:
        1:   38:    sleep(2);
        1:   38-block  0
        -:   39:
        -:   40:
        1:   41:    return 0;
        1:   41-block  0
        -:   42:}
