        -:    0:Source:/home/treloubas76/CLionProjects/Project-3/Queue.cpp
        -:    0:Graph:/home/treloubas76/CLionProjects/Project-3/cmake-build-debug-coverage/CMakeFiles/Project_3.dir/Queue.cpp.gcno
        -:    0:Data:/home/treloubas76/CLionProjects/Project-3/cmake-build-debug-coverage/CMakeFiles/Project_3.dir/Queue.cpp.gcda
        -:    0:Runs:1
        -:    1://
        -:    2:// Created by treloubas76 on 1/18/21.
        -:    3://
        -:    4:
        -:    5:#include "Queue.h"
        -:    6:
    #####:    7:Queue::Queue():size(0), front(nullptr), rear(nullptr) {
        -:    8:
    #####:    9:}
        -:   10:
    #####:   11:void Queue::insert(Job *newJob) {
    #####:   12:    auto *newNode = new qNode;
    %%%%%:   12-block  0
    #####:   13:    newNode->myJob = newJob;
    #####:   14:    if(!size){
    #####:   15:        front = newNode;
    #####:   16:        rear = newNode;
    %%%%%:   16-block  0
        -:   17:    }
        -:   18:    else {
    #####:   19:        newNode->next = rear;
    #####:   20:        rear->prev = newNode;
    #####:   21:        rear = newNode;
    %%%%%:   21-block  0
        -:   22:    }
    #####:   23:    size++;
    #####:   24:}
        -:   25:
    #####:   26:Job *Queue::pop() {
        -:   27:    Job *temp;
    #####:   28:    if(!size) return nullptr;
    %%%%%:   28-block  0
    %%%%%:   28-block  1
    #####:   29:    else if(size == 1) {
    %%%%%:   29-block  0
    #####:   30:        temp = front->myJob;
    #####:   31:        delete front;
    %%%%%:   31-block  0
    %%%%%:   31-block  1
    #####:   32:        front = nullptr;
    #####:   33:        rear = nullptr;
    %%%%%:   33-block  0
        -:   34:    }
        -:   35:    else{
    #####:   36:        temp = front->myJob;
    #####:   37:        qNode *temp2 = front;
    #####:   38:        front = front->prev;
    #####:   39:        delete temp2;
    %%%%%:   39-block  0
    %%%%%:   39-block  1
    #####:   40:        front->next = nullptr;
    %%%%%:   40-block  0
        -:   41:    }
    #####:   42:    size--;
    #####:   43:    return temp;
    %%%%%:   43-block  0
        -:   44:}
        -:   45:
    #####:   46:Queue::~Queue() {
    #####:   47:    qNode *temp = rear;
    %%%%%:   47-block  0
    #####:   48:    while(temp != nullptr){
    %%%%%:   48-block  0
    %%%%%:   48-block  1
        -:   49:        qNode *temp2;
    #####:   50:        temp2 = temp;
    #####:   51:        temp = temp->next;
    #####:   52:        delete temp2->myJob;
    %%%%%:   52-block  0
    %%%%%:   52-block  1
    #####:   53:        delete temp2;
    %%%%%:   53-block  0
    %%%%%:   53-block  1
        -:   54:    }
    #####:   55:}
